<?xml version="1.0" encoding="UTF-8"?>
<!-- Generated by org.testng.reporters.JUnitReportReporter -->
<testsuite hostname="DESKTOP-RA7U0ME" failures="0" tests="2" name="gitPract.PractPrioirity" time="0.036" errors="0" timestamp="2024-04-01T15:31:26 IST" skipped="0">
  <testcase classname="gitPract.PractPrioirity" name="A" time="0.023"/>
  <system-out>
    <![CDATA[Executing firefox]]>
  </system-out>
  <testcase classname="gitPract.PractPrioirity" name="B" time="0.013"/>
  <system-out>
    <![CDATA[Executing firefox]]>
  </system-out>
</testsuite> <!-- gitPract.PractPrioirity -->
