<?xml version="1.0" encoding="UTF-8"?>
<!-- Generated by org.testng.reporters.JUnitReportReporter -->
<testsuite hostname="DESKTOP-RA7U0ME" failures="0" tests="2" name="gitPract.PractBact" time="0.037" errors="0" timestamp="2024-04-01T15:31:26 IST" skipped="0">
  <testcase classname="gitPract.PractBact" name="run" time="0.019"/>
  <system-out>
    <![CDATA[Executing chrome]]>
  </system-out>
  <testcase classname="gitPract.PractBact" name="run1" time="0.018"/>
  <system-out>
    <![CDATA[Executing chrome]]>
  </system-out>
</testsuite> <!-- gitPract.PractBact -->
